Mensaje I / 00:00:00:000 / Root(00) para top(01)
Mensaje I / 00:00:00:000 / top(01) para fssp(02)
Mensaje I / 00:00:00:000 / fssp(02) para fssp(0,0)(03)
Mensaje I / 00:00:00:000 / fssp(02) para fssp(0,1)(04)
Mensaje I / 00:00:00:000 / fssp(02) para fssp(0,2)(05)
Mensaje I / 00:00:00:000 / fssp(02) para fssp(0,3)(06)
Mensaje D / 00:00:00:000 / fssp(0,0)(03) / ... para fssp(02)
Mensaje D / 00:00:00:000 / fssp(0,1)(04) / 00:00:00:100 para fssp(02)
Mensaje D / 00:00:00:000 / fssp(0,2)(05) / 00:00:00:100 para fssp(02)
Mensaje D / 00:00:00:000 / fssp(0,3)(06) / ... para fssp(02)
Mensaje D / 00:00:00:000 / fssp(02) / 00:00:00:100 para top(01)
Mensaje D / 00:00:00:000 / top(01) / 00:00:00:100 para Root(00)
Mensaje * / 00:00:00:100 / Root(00) para top(01)
Mensaje * / 00:00:00:100 / top(01) para fssp(02)
Mensaje * / 00:00:00:100 / fssp(02) para fssp(0,1)(04)
Mensaje * / 00:00:00:100 / fssp(02) para fssp(0,2)(05)
Mensaje Y / 00:00:00:100 / fssp(0,1)(04) / out /      7.00000 para fssp(02)
Mensaje D / 00:00:00:100 / fssp(0,1)(04) / ... para fssp(02)
Mensaje Y / 00:00:00:100 / fssp(0,2)(05) / out /      0.00000 para fssp(02)
Mensaje D / 00:00:00:100 / fssp(0,2)(05) / ... para fssp(02)
Mensaje X / 00:00:00:100 / fssp(02) / neighborchange /      7.00000 para fssp(0,0)(03)
Mensaje X / 00:00:00:100 / fssp(02) / neighborchange /      7.00000 para fssp(0,1)(04)
Mensaje X / 00:00:00:100 / fssp(02) / neighborchange /      7.00000 para fssp(0,2)(05)
Mensaje X / 00:00:00:100 / fssp(02) / neighborchange /      0.00000 para fssp(0,3)(06)
Mensaje D / 00:00:00:100 / fssp(0,0)(03) / ... para fssp(02)
Mensaje D / 00:00:00:100 / fssp(0,1)(04) / 00:00:00:100 para fssp(02)
Mensaje D / 00:00:00:100 / fssp(0,2)(05) / ... para fssp(02)
Mensaje D / 00:00:00:100 / fssp(0,3)(06) / ... para fssp(02)
Mensaje D / 00:00:00:100 / fssp(02) / 00:00:00:100 para top(01)
Mensaje D / 00:00:00:100 / top(01) / 00:00:00:100 para Root(00)
Mensaje * / 00:00:00:200 / Root(00) para top(01)
Mensaje * / 00:00:00:200 / top(01) para fssp(02)
Mensaje * / 00:00:00:200 / fssp(02) para fssp(0,1)(04)
Mensaje Y / 00:00:00:200 / fssp(0,1)(04) / out /      5.00000 para fssp(02)
Mensaje D / 00:00:00:200 / fssp(0,1)(04) / ... para fssp(02)
Mensaje X / 00:00:00:200 / fssp(02) / neighborchange /      5.00000 para fssp(0,0)(03)
Mensaje X / 00:00:00:200 / fssp(02) / neighborchange /      5.00000 para fssp(0,1)(04)
Mensaje X / 00:00:00:200 / fssp(02) / neighborchange /      5.00000 para fssp(0,2)(05)
Mensaje D / 00:00:00:200 / fssp(0,0)(03) / ... para fssp(02)
Mensaje D / 00:00:00:200 / fssp(0,1)(04) / 00:00:00:100 para fssp(02)
Mensaje D / 00:00:00:200 / fssp(0,2)(05) / 00:00:00:100 para fssp(02)
Mensaje D / 00:00:00:200 / fssp(02) / 00:00:00:100 para top(01)
Mensaje D / 00:00:00:200 / top(01) / 00:00:00:100 para Root(00)
Mensaje * / 00:00:00:300 / Root(00) para top(01)
Mensaje * / 00:00:00:300 / top(01) para fssp(02)
Mensaje * / 00:00:00:300 / fssp(02) para fssp(0,1)(04)
Mensaje * / 00:00:00:300 / fssp(02) para fssp(0,2)(05)
Mensaje Y / 00:00:00:300 / fssp(0,1)(04) / out /      2.00000 para fssp(02)
Mensaje D / 00:00:00:300 / fssp(0,1)(04) / ... para fssp(02)
Mensaje Y / 00:00:00:300 / fssp(0,2)(05) / out /      2.00000 para fssp(02)
Mensaje D / 00:00:00:300 / fssp(0,2)(05) / ... para fssp(02)
Mensaje X / 00:00:00:300 / fssp(02) / neighborchange /      2.00000 para fssp(0,0)(03)
Mensaje X / 00:00:00:300 / fssp(02) / neighborchange /      2.00000 para fssp(0,1)(04)
Mensaje X / 00:00:00:300 / fssp(02) / neighborchange /      2.00000 para fssp(0,2)(05)
Mensaje X / 00:00:00:300 / fssp(02) / neighborchange /      2.00000 para fssp(0,3)(06)
Mensaje D / 00:00:00:300 / fssp(0,0)(03) / ... para fssp(02)
Mensaje D / 00:00:00:300 / fssp(0,1)(04) / 00:00:00:100 para fssp(02)
Mensaje D / 00:00:00:300 / fssp(0,2)(05) / 00:00:00:100 para fssp(02)
Mensaje D / 00:00:00:300 / fssp(0,3)(06) / ... para fssp(02)
Mensaje D / 00:00:00:300 / fssp(02) / 00:00:00:100 para top(01)
Mensaje D / 00:00:00:300 / top(01) / 00:00:00:100 para Root(00)
Mensaje * / 00:00:00:400 / Root(00) para top(01)
Mensaje * / 00:00:00:400 / top(01) para fssp(02)
Mensaje * / 00:00:00:400 / fssp(02) para fssp(0,1)(04)
Mensaje * / 00:00:00:400 / fssp(02) para fssp(0,2)(05)
Mensaje Y / 00:00:00:400 / fssp(0,1)(04) / out /      6.00000 para fssp(02)
Mensaje D / 00:00:00:400 / fssp(0,1)(04) / ... para fssp(02)
Mensaje Y / 00:00:00:400 / fssp(0,2)(05) / out /      6.00000 para fssp(02)
Mensaje D / 00:00:00:400 / fssp(0,2)(05) / ... para fssp(02)
Mensaje X / 00:00:00:400 / fssp(02) / neighborchange /      6.00000 para fssp(0,0)(03)
Mensaje X / 00:00:00:400 / fssp(02) / neighborchange /      6.00000 para fssp(0,1)(04)
Mensaje X / 00:00:00:400 / fssp(02) / neighborchange /      6.00000 para fssp(0,2)(05)
Mensaje X / 00:00:00:400 / fssp(02) / neighborchange /      6.00000 para fssp(0,3)(06)
Mensaje D / 00:00:00:400 / fssp(0,0)(03) / ... para fssp(02)
Mensaje D / 00:00:00:400 / fssp(0,1)(04) / ... para fssp(02)
Mensaje D / 00:00:00:400 / fssp(0,2)(05) / ... para fssp(02)
Mensaje D / 00:00:00:400 / fssp(0,3)(06) / ... para fssp(02)
Mensaje D / 00:00:00:400 / fssp(02) / ... para top(01)
Mensaje D / 00:00:00:400 / top(01) / ... para Root(00)
