Mensaje I / 00:00:00:000 / Root(00) para top(01)
Mensaje I / 00:00:00:000 / top(01) para fssp(02)
Mensaje I / 00:00:00:000 / fssp(02) para fssp(0,0)(03)
Mensaje I / 00:00:00:000 / fssp(02) para fssp(0,1)(04)
Mensaje I / 00:00:00:000 / fssp(02) para fssp(0,2)(05)
Mensaje I / 00:00:00:000 / fssp(02) para fssp(0,3)(06)
Mensaje I / 00:00:00:000 / fssp(02) para fssp(0,4)(07)
Mensaje I / 00:00:00:000 / fssp(02) para fssp(0,5)(08)
Mensaje I / 00:00:00:000 / fssp(02) para fssp(0,6)(09)
Mensaje I / 00:00:00:000 / fssp(02) para fssp(0,7)(10)
Mensaje I / 00:00:00:000 / fssp(02) para fssp(0,8)(11)
Mensaje I / 00:00:00:000 / fssp(02) para fssp(0,9)(12)
Mensaje I / 00:00:00:000 / fssp(02) para fssp(0,10)(13)
Mensaje I / 00:00:00:000 / fssp(02) para fssp(0,11)(14)
Mensaje D / 00:00:00:000 / fssp(0,0)(03) / ... para fssp(02)
Mensaje D / 00:00:00:000 / fssp(0,1)(04) / ... para fssp(02)
Mensaje D / 00:00:00:000 / fssp(0,2)(05) / ... para fssp(02)
Mensaje D / 00:00:00:000 / fssp(0,3)(06) / ... para fssp(02)
Mensaje D / 00:00:00:000 / fssp(0,4)(07) / 00:00:00:100 para fssp(02)
Mensaje D / 00:00:00:000 / fssp(0,5)(08) / 00:00:00:100 para fssp(02)
Mensaje D / 00:00:00:000 / fssp(0,6)(09) / ... para fssp(02)
Mensaje D / 00:00:00:000 / fssp(0,7)(10) / ... para fssp(02)
Mensaje D / 00:00:00:000 / fssp(0,8)(11) / ... para fssp(02)
Mensaje D / 00:00:00:000 / fssp(0,9)(12) / ... para fssp(02)
Mensaje D / 00:00:00:000 / fssp(0,10)(13) / ... para fssp(02)
Mensaje D / 00:00:00:000 / fssp(0,11)(14) / ... para fssp(02)
Mensaje D / 00:00:00:000 / fssp(02) / 00:00:00:100 para top(01)
Mensaje D / 00:00:00:000 / top(01) / 00:00:00:100 para Root(00)
Mensaje * / 00:00:00:100 / Root(00) para top(01)
Mensaje * / 00:00:00:100 / top(01) para fssp(02)
Mensaje * / 00:00:00:100 / fssp(02) para fssp(0,4)(07)
Mensaje * / 00:00:00:100 / fssp(02) para fssp(0,5)(08)
Mensaje Y / 00:00:00:100 / fssp(0,4)(07) / out /      7.00000 para fssp(02)
Mensaje D / 00:00:00:100 / fssp(0,4)(07) / ... para fssp(02)
Mensaje Y / 00:00:00:100 / fssp(0,5)(08) / out /      0.00000 para fssp(02)
Mensaje D / 00:00:00:100 / fssp(0,5)(08) / ... para fssp(02)
Mensaje X / 00:00:00:100 / fssp(02) / neighborchange /      7.00000 para fssp(0,3)(06)
Mensaje X / 00:00:00:100 / fssp(02) / neighborchange /      7.00000 para fssp(0,4)(07)
Mensaje X / 00:00:00:100 / fssp(02) / neighborchange /      7.00000 para fssp(0,5)(08)
Mensaje X / 00:00:00:100 / fssp(02) / neighborchange /      0.00000 para fssp(0,6)(09)
Mensaje D / 00:00:00:100 / fssp(0,3)(06) / 00:00:00:100 para fssp(02)
Mensaje D / 00:00:00:100 / fssp(0,4)(07) / 00:00:00:100 para fssp(02)
Mensaje D / 00:00:00:100 / fssp(0,5)(08) / ... para fssp(02)
Mensaje D / 00:00:00:100 / fssp(0,6)(09) / ... para fssp(02)
Mensaje D / 00:00:00:100 / fssp(02) / 00:00:00:100 para top(01)
Mensaje D / 00:00:00:100 / top(01) / 00:00:00:100 para Root(00)
Mensaje * / 00:00:00:200 / Root(00) para top(01)
Mensaje * / 00:00:00:200 / top(01) para fssp(02)
Mensaje * / 00:00:00:200 / fssp(02) para fssp(0,3)(06)
Mensaje * / 00:00:00:200 / fssp(02) para fssp(0,4)(07)
Mensaje Y / 00:00:00:200 / fssp(0,3)(06) / out /      7.00000 para fssp(02)
Mensaje D / 00:00:00:200 / fssp(0,3)(06) / ... para fssp(02)
Mensaje Y / 00:00:00:200 / fssp(0,4)(07) / out /      0.00000 para fssp(02)
Mensaje D / 00:00:00:200 / fssp(0,4)(07) / ... para fssp(02)
Mensaje X / 00:00:00:200 / fssp(02) / neighborchange /      7.00000 para fssp(0,2)(05)
Mensaje X / 00:00:00:200 / fssp(02) / neighborchange /      7.00000 para fssp(0,3)(06)
Mensaje X / 00:00:00:200 / fssp(02) / neighborchange /      7.00000 para fssp(0,4)(07)
Mensaje X / 00:00:00:200 / fssp(02) / neighborchange /      0.00000 para fssp(0,5)(08)
Mensaje D / 00:00:00:200 / fssp(0,2)(05) / 00:00:00:100 para fssp(02)
Mensaje D / 00:00:00:200 / fssp(0,3)(06) / 00:00:00:100 para fssp(02)
Mensaje D / 00:00:00:200 / fssp(0,4)(07) / ... para fssp(02)
Mensaje D / 00:00:00:200 / fssp(0,5)(08) / ... para fssp(02)
Mensaje D / 00:00:00:200 / fssp(02) / 00:00:00:100 para top(01)
Mensaje D / 00:00:00:200 / top(01) / 00:00:00:100 para Root(00)
Mensaje * / 00:00:00:300 / Root(00) para top(01)
Mensaje * / 00:00:00:300 / top(01) para fssp(02)
Mensaje * / 00:00:00:300 / fssp(02) para fssp(0,2)(05)
Mensaje * / 00:00:00:300 / fssp(02) para fssp(0,3)(06)
Mensaje Y / 00:00:00:300 / fssp(0,2)(05) / out /      7.00000 para fssp(02)
Mensaje D / 00:00:00:300 / fssp(0,2)(05) / ... para fssp(02)
Mensaje Y / 00:00:00:300 / fssp(0,3)(06) / out /      0.00000 para fssp(02)
Mensaje D / 00:00:00:300 / fssp(0,3)(06) / ... para fssp(02)
Mensaje X / 00:00:00:300 / fssp(02) / neighborchange /      7.00000 para fssp(0,1)(04)
Mensaje X / 00:00:00:300 / fssp(02) / neighborchange /      7.00000 para fssp(0,2)(05)
Mensaje X / 00:00:00:300 / fssp(02) / neighborchange /      7.00000 para fssp(0,3)(06)
Mensaje X / 00:00:00:300 / fssp(02) / neighborchange /      0.00000 para fssp(0,4)(07)
Mensaje D / 00:00:00:300 / fssp(0,1)(04) / 00:00:00:100 para fssp(02)
Mensaje D / 00:00:00:300 / fssp(0,2)(05) / 00:00:00:100 para fssp(02)
Mensaje D / 00:00:00:300 / fssp(0,3)(06) / ... para fssp(02)
Mensaje D / 00:00:00:300 / fssp(0,4)(07) / ... para fssp(02)
Mensaje D / 00:00:00:300 / fssp(02) / 00:00:00:100 para top(01)
Mensaje D / 00:00:00:300 / top(01) / 00:00:00:100 para Root(00)
Mensaje * / 00:00:00:400 / Root(00) para top(01)
Mensaje * / 00:00:00:400 / top(01) para fssp(02)
Mensaje * / 00:00:00:400 / fssp(02) para fssp(0,1)(04)
Mensaje * / 00:00:00:400 / fssp(02) para fssp(0,2)(05)
Mensaje Y / 00:00:00:400 / fssp(0,1)(04) / out /      7.00000 para fssp(02)
Mensaje D / 00:00:00:400 / fssp(0,1)(04) / ... para fssp(02)
Mensaje Y / 00:00:00:400 / fssp(0,2)(05) / out /      0.00000 para fssp(02)
Mensaje D / 00:00:00:400 / fssp(0,2)(05) / ... para fssp(02)
Mensaje X / 00:00:00:400 / fssp(02) / neighborchange /      7.00000 para fssp(0,0)(03)
Mensaje X / 00:00:00:400 / fssp(02) / neighborchange /      7.00000 para fssp(0,1)(04)
Mensaje X / 00:00:00:400 / fssp(02) / neighborchange /      7.00000 para fssp(0,2)(05)
Mensaje X / 00:00:00:400 / fssp(02) / neighborchange /      0.00000 para fssp(0,3)(06)
Mensaje D / 00:00:00:400 / fssp(0,0)(03) / ... para fssp(02)
Mensaje D / 00:00:00:400 / fssp(0,1)(04) / 00:00:00:100 para fssp(02)
Mensaje D / 00:00:00:400 / fssp(0,2)(05) / ... para fssp(02)
Mensaje D / 00:00:00:400 / fssp(0,3)(06) / ... para fssp(02)
Mensaje D / 00:00:00:400 / fssp(02) / 00:00:00:100 para top(01)
Mensaje D / 00:00:00:400 / top(01) / 00:00:00:100 para Root(00)
Mensaje * / 00:00:00:500 / Root(00) para top(01)
Mensaje * / 00:00:00:500 / top(01) para fssp(02)
Mensaje * / 00:00:00:500 / fssp(02) para fssp(0,1)(04)
Mensaje Y / 00:00:00:500 / fssp(0,1)(04) / out /      5.00000 para fssp(02)
Mensaje D / 00:00:00:500 / fssp(0,1)(04) / ... para fssp(02)
Mensaje X / 00:00:00:500 / fssp(02) / neighborchange /      5.00000 para fssp(0,0)(03)
Mensaje X / 00:00:00:500 / fssp(02) / neighborchange /      5.00000 para fssp(0,1)(04)
Mensaje X / 00:00:00:500 / fssp(02) / neighborchange /      5.00000 para fssp(0,2)(05)
Mensaje D / 00:00:00:500 / fssp(0,0)(03) / ... para fssp(02)
Mensaje D / 00:00:00:500 / fssp(0,1)(04) / 00:00:00:100 para fssp(02)
Mensaje D / 00:00:00:500 / fssp(0,2)(05) / 00:00:00:100 para fssp(02)
Mensaje D / 00:00:00:500 / fssp(02) / 00:00:00:100 para top(01)
Mensaje D / 00:00:00:500 / top(01) / 00:00:00:100 para Root(00)
Mensaje * / 00:00:00:600 / Root(00) para top(01)
Mensaje * / 00:00:00:600 / top(01) para fssp(02)
Mensaje * / 00:00:00:600 / fssp(02) para fssp(0,1)(04)
Mensaje * / 00:00:00:600 / fssp(02) para fssp(0,2)(05)
Mensaje Y / 00:00:00:600 / fssp(0,1)(04) / out /      2.00000 para fssp(02)
Mensaje D / 00:00:00:600 / fssp(0,1)(04) / ... para fssp(02)
Mensaje Y / 00:00:00:600 / fssp(0,2)(05) / out /      4.00000 para fssp(02)
Mensaje D / 00:00:00:600 / fssp(0,2)(05) / ... para fssp(02)
Mensaje X / 00:00:00:600 / fssp(02) / neighborchange /      2.00000 para fssp(0,0)(03)
Mensaje X / 00:00:00:600 / fssp(02) / neighborchange /      2.00000 para fssp(0,1)(04)
Mensaje X / 00:00:00:600 / fssp(02) / neighborchange /      2.00000 para fssp(0,2)(05)
Mensaje X / 00:00:00:600 / fssp(02) / neighborchange /      4.00000 para fssp(0,3)(06)
Mensaje D / 00:00:00:600 / fssp(0,0)(03) / ... para fssp(02)
Mensaje D / 00:00:00:600 / fssp(0,1)(04) / 00:00:00:100 para fssp(02)
Mensaje D / 00:00:00:600 / fssp(0,2)(05) / 00:00:00:100 para fssp(02)
Mensaje D / 00:00:00:600 / fssp(0,3)(06) / 00:00:00:100 para fssp(02)
Mensaje D / 00:00:00:600 / fssp(02) / 00:00:00:100 para top(01)
Mensaje D / 00:00:00:600 / top(01) / 00:00:00:100 para Root(00)
Mensaje * / 00:00:00:700 / Root(00) para top(01)
Mensaje * / 00:00:00:700 / top(01) para fssp(02)
Mensaje * / 00:00:00:700 / fssp(02) para fssp(0,1)(04)
Mensaje * / 00:00:00:700 / fssp(02) para fssp(0,2)(05)
Mensaje * / 00:00:00:700 / fssp(02) para fssp(0,3)(06)
Mensaje Y / 00:00:00:700 / fssp(0,1)(04) / out /      5.00000 para fssp(02)
Mensaje D / 00:00:00:700 / fssp(0,1)(04) / ... para fssp(02)
Mensaje Y / 00:00:00:700 / fssp(0,2)(05) / out /      3.00000 para fssp(02)
Mensaje D / 00:00:00:700 / fssp(0,2)(05) / ... para fssp(02)
Mensaje Y / 00:00:00:700 / fssp(0,3)(06) / out /      2.00000 para fssp(02)
Mensaje D / 00:00:00:700 / fssp(0,3)(06) / ... para fssp(02)
Mensaje X / 00:00:00:700 / fssp(02) / neighborchange /      5.00000 para fssp(0,0)(03)
Mensaje X / 00:00:00:700 / fssp(02) / neighborchange /      5.00000 para fssp(0,1)(04)
Mensaje X / 00:00:00:700 / fssp(02) / neighborchange /      5.00000 para fssp(0,2)(05)
Mensaje X / 00:00:00:700 / fssp(02) / neighborchange /      3.00000 para fssp(0,3)(06)
Mensaje X / 00:00:00:700 / fssp(02) / neighborchange /      2.00000 para fssp(0,4)(07)
Mensaje D / 00:00:00:700 / fssp(0,0)(03) / ... para fssp(02)
Mensaje D / 00:00:00:700 / fssp(0,1)(04) / ... para fssp(02)
Mensaje D / 00:00:00:700 / fssp(0,2)(05) / 00:00:00:100 para fssp(02)
Mensaje D / 00:00:00:700 / fssp(0,3)(06) / 00:00:00:100 para fssp(02)
Mensaje D / 00:00:00:700 / fssp(0,4)(07) / 00:00:00:100 para fssp(02)
Mensaje D / 00:00:00:700 / fssp(02) / 00:00:00:100 para top(01)
Mensaje D / 00:00:00:700 / top(01) / 00:00:00:100 para Root(00)
Mensaje * / 00:00:00:800 / Root(00) para top(01)
Mensaje * / 00:00:00:800 / top(01) para fssp(02)
Mensaje * / 00:00:00:800 / fssp(02) para fssp(0,2)(05)
Mensaje * / 00:00:00:800 / fssp(02) para fssp(0,3)(06)
Mensaje * / 00:00:00:800 / fssp(02) para fssp(0,4)(07)
Mensaje Y / 00:00:00:800 / fssp(0,2)(05) / out /      4.00000 para fssp(02)
Mensaje D / 00:00:00:800 / fssp(0,2)(05) / ... para fssp(02)
Mensaje Y / 00:00:00:800 / fssp(0,3)(06) / out /      5.00000 para fssp(02)
Mensaje D / 00:00:00:800 / fssp(0,3)(06) / ... para fssp(02)
Mensaje Y / 00:00:00:800 / fssp(0,4)(07) / out /      5.00000 para fssp(02)
Mensaje D / 00:00:00:800 / fssp(0,4)(07) / ... para fssp(02)
Mensaje X / 00:00:00:800 / fssp(02) / neighborchange /      4.00000 para fssp(0,1)(04)
Mensaje X / 00:00:00:800 / fssp(02) / neighborchange /      4.00000 para fssp(0,2)(05)
Mensaje X / 00:00:00:800 / fssp(02) / neighborchange /      4.00000 para fssp(0,3)(06)
Mensaje X / 00:00:00:800 / fssp(02) / neighborchange /      5.00000 para fssp(0,4)(07)
Mensaje X / 00:00:00:800 / fssp(02) / neighborchange /      5.00000 para fssp(0,5)(08)
Mensaje D / 00:00:00:800 / fssp(0,1)(04) / ... para fssp(02)
Mensaje D / 00:00:00:800 / fssp(0,2)(05) / 00:00:00:100 para fssp(02)
Mensaje D / 00:00:00:800 / fssp(0,3)(06) / 00:00:00:100 para fssp(02)
Mensaje D / 00:00:00:800 / fssp(0,4)(07) / 00:00:00:100 para fssp(02)
Mensaje D / 00:00:00:800 / fssp(0,5)(08) / 00:00:00:100 para fssp(02)
Mensaje D / 00:00:00:800 / fssp(02) / 00:00:00:100 para top(01)
Mensaje D / 00:00:00:800 / top(01) / 00:00:00:100 para Root(00)
Mensaje * / 00:00:00:900 / Root(00) para top(01)
Mensaje * / 00:00:00:900 / top(01) para fssp(02)
Mensaje * / 00:00:00:900 / fssp(02) para fssp(0,2)(05)
Mensaje * / 00:00:00:900 / fssp(02) para fssp(0,3)(06)
Mensaje * / 00:00:00:900 / fssp(02) para fssp(0,4)(07)
Mensaje * / 00:00:00:900 / fssp(02) para fssp(0,5)(08)
Mensaje Y / 00:00:00:900 / fssp(0,2)(05) / out /      3.00000 para fssp(02)
Mensaje D / 00:00:00:900 / fssp(0,2)(05) / ... para fssp(02)
Mensaje Y / 00:00:00:900 / fssp(0,3)(06) / out /      2.00000 para fssp(02)
Mensaje D / 00:00:00:900 / fssp(0,3)(06) / ... para fssp(02)
Mensaje Y / 00:00:00:900 / fssp(0,4)(07) / out /      3.00000 para fssp(02)
Mensaje D / 00:00:00:900 / fssp(0,4)(07) / ... para fssp(02)
Mensaje Y / 00:00:00:900 / fssp(0,5)(08) / out /      4.00000 para fssp(02)
Mensaje D / 00:00:00:900 / fssp(0,5)(08) / ... para fssp(02)
Mensaje X / 00:00:00:900 / fssp(02) / neighborchange /      3.00000 para fssp(0,1)(04)
Mensaje X / 00:00:00:900 / fssp(02) / neighborchange /      3.00000 para fssp(0,2)(05)
Mensaje X / 00:00:00:900 / fssp(02) / neighborchange /      3.00000 para fssp(0,3)(06)
Mensaje X / 00:00:00:900 / fssp(02) / neighborchange /      2.00000 para fssp(0,4)(07)
Mensaje X / 00:00:00:900 / fssp(02) / neighborchange /      3.00000 para fssp(0,5)(08)
Mensaje X / 00:00:00:900 / fssp(02) / neighborchange /      4.00000 para fssp(0,6)(09)
Mensaje D / 00:00:00:900 / fssp(0,1)(04) / ... para fssp(02)
Mensaje D / 00:00:00:900 / fssp(0,2)(05) / 00:00:00:100 para fssp(02)
Mensaje D / 00:00:00:900 / fssp(0,3)(06) / 00:00:00:100 para fssp(02)
Mensaje D / 00:00:00:900 / fssp(0,4)(07) / 00:00:00:100 para fssp(02)
Mensaje D / 00:00:00:900 / fssp(0,5)(08) / ... para fssp(02)
Mensaje D / 00:00:00:900 / fssp(0,6)(09) / 00:00:00:100 para fssp(02)
Mensaje D / 00:00:00:900 / fssp(02) / 00:00:00:100 para top(01)
Mensaje D / 00:00:00:900 / top(01) / 00:00:00:100 para Root(00)
Mensaje * / 00:00:01:000 / Root(00) para top(01)
Mensaje * / 00:00:01:000 / top(01) para fssp(02)
Mensaje * / 00:00:01:000 / fssp(02) para fssp(0,2)(05)
Mensaje * / 00:00:01:000 / fssp(02) para fssp(0,3)(06)
Mensaje * / 00:00:01:000 / fssp(02) para fssp(0,4)(07)
Mensaje * / 00:00:01:000 / fssp(02) para fssp(0,6)(09)
Mensaje Y / 00:00:01:000 / fssp(0,2)(05) / out /      4.00000 para fssp(02)
Mensaje D / 00:00:01:000 / fssp(0,2)(05) / ... para fssp(02)
Mensaje Y / 00:00:01:000 / fssp(0,3)(06) / out /      5.00000 para fssp(02)
Mensaje D / 00:00:01:000 / fssp(0,3)(06) / ... para fssp(02)
Mensaje Y / 00:00:01:000 / fssp(0,4)(07) / out /      0.00000 para fssp(02)
Mensaje D / 00:00:01:000 / fssp(0,4)(07) / ... para fssp(02)
Mensaje Y / 00:00:01:000 / fssp(0,6)(09) / out /      2.00000 para fssp(02)
Mensaje D / 00:00:01:000 / fssp(0,6)(09) / ... para fssp(02)
Mensaje X / 00:00:01:000 / fssp(02) / neighborchange /      4.00000 para fssp(0,1)(04)
Mensaje X / 00:00:01:000 / fssp(02) / neighborchange /      4.00000 para fssp(0,2)(05)
Mensaje X / 00:00:01:000 / fssp(02) / neighborchange /      4.00000 para fssp(0,3)(06)
Mensaje X / 00:00:01:000 / fssp(02) / neighborchange /      5.00000 para fssp(0,4)(07)
Mensaje X / 00:00:01:000 / fssp(02) / neighborchange /      0.00000 para fssp(0,5)(08)
Mensaje X / 00:00:01:000 / fssp(02) / neighborchange /      2.00000 para fssp(0,6)(09)
Mensaje X / 00:00:01:000 / fssp(02) / neighborchange /      2.00000 para fssp(0,7)(10)
Mensaje D / 00:00:01:000 / fssp(0,1)(04) / ... para fssp(02)
Mensaje D / 00:00:01:000 / fssp(0,2)(05) / 00:00:00:100 para fssp(02)
Mensaje D / 00:00:01:000 / fssp(0,3)(06) / 00:00:00:100 para fssp(02)
Mensaje D / 00:00:01:000 / fssp(0,4)(07) / ... para fssp(02)
Mensaje D / 00:00:01:000 / fssp(0,5)(08) / 00:00:00:100 para fssp(02)
Mensaje D / 00:00:01:000 / fssp(0,6)(09) / ... para fssp(02)
Mensaje D / 00:00:01:000 / fssp(0,7)(10) / 00:00:00:100 para fssp(02)
Mensaje D / 00:00:01:000 / fssp(02) / 00:00:00:100 para top(01)
Mensaje D / 00:00:01:000 / top(01) / 00:00:00:100 para Root(00)
Mensaje * / 00:00:01:100 / Root(00) para top(01)
Mensaje * / 00:00:01:100 / top(01) para fssp(02)
Mensaje * / 00:00:01:100 / fssp(02) para fssp(0,2)(05)
Mensaje * / 00:00:01:100 / fssp(02) para fssp(0,3)(06)
Mensaje * / 00:00:01:100 / fssp(02) para fssp(0,5)(08)
Mensaje * / 00:00:01:100 / fssp(02) para fssp(0,7)(10)
Mensaje Y / 00:00:01:100 / fssp(0,2)(05) / out /      3.00000 para fssp(02)
Mensaje D / 00:00:01:100 / fssp(0,2)(05) / ... para fssp(02)
Mensaje Y / 00:00:01:100 / fssp(0,3)(06) / out /      2.00000 para fssp(02)
Mensaje D / 00:00:01:100 / fssp(0,3)(06) / ... para fssp(02)
Mensaje Y / 00:00:01:100 / fssp(0,5)(08) / out /      2.00000 para fssp(02)
Mensaje D / 00:00:01:100 / fssp(0,5)(08) / ... para fssp(02)
Mensaje Y / 00:00:01:100 / fssp(0,7)(10) / out /      5.00000 para fssp(02)
Mensaje D / 00:00:01:100 / fssp(0,7)(10) / ... para fssp(02)
Mensaje X / 00:00:01:100 / fssp(02) / neighborchange /      3.00000 para fssp(0,1)(04)
Mensaje X / 00:00:01:100 / fssp(02) / neighborchange /      3.00000 para fssp(0,2)(05)
Mensaje X / 00:00:01:100 / fssp(02) / neighborchange /      3.00000 para fssp(0,3)(06)
Mensaje X / 00:00:01:100 / fssp(02) / neighborchange /      2.00000 para fssp(0,4)(07)
Mensaje X / 00:00:01:100 / fssp(02) / neighborchange /      2.00000 para fssp(0,5)(08)
Mensaje X / 00:00:01:100 / fssp(02) / neighborchange /      2.00000 para fssp(0,6)(09)
Mensaje X / 00:00:01:100 / fssp(02) / neighborchange /      5.00000 para fssp(0,7)(10)
Mensaje X / 00:00:01:100 / fssp(02) / neighborchange /      5.00000 para fssp(0,8)(11)
Mensaje D / 00:00:01:100 / fssp(0,1)(04) / ... para fssp(02)
Mensaje D / 00:00:01:100 / fssp(0,2)(05) / 00:00:00:100 para fssp(02)
Mensaje D / 00:00:01:100 / fssp(0,3)(06) / 00:00:00:100 para fssp(02)
Mensaje D / 00:00:01:100 / fssp(0,4)(07) / ... para fssp(02)
Mensaje D / 00:00:01:100 / fssp(0,5)(08) / ... para fssp(02)
Mensaje D / 00:00:01:100 / fssp(0,6)(09) / 00:00:00:100 para fssp(02)
Mensaje D / 00:00:01:100 / fssp(0,7)(10) / 00:00:00:100 para fssp(02)
Mensaje D / 00:00:01:100 / fssp(0,8)(11) / 00:00:00:100 para fssp(02)
Mensaje D / 00:00:01:100 / fssp(02) / 00:00:00:100 para top(01)
Mensaje D / 00:00:01:100 / top(01) / 00:00:00:100 para Root(00)
Mensaje * / 00:00:01:200 / Root(00) para top(01)
Mensaje * / 00:00:01:200 / top(01) para fssp(02)
Mensaje * / 00:00:01:200 / fssp(02) para fssp(0,2)(05)
Mensaje * / 00:00:01:200 / fssp(02) para fssp(0,3)(06)
Mensaje * / 00:00:01:200 / fssp(02) para fssp(0,6)(09)
Mensaje * / 00:00:01:200 / fssp(02) para fssp(0,7)(10)
Mensaje * / 00:00:01:200 / fssp(02) para fssp(0,8)(11)
Mensaje Y / 00:00:01:200 / fssp(0,2)(05) / out /      4.00000 para fssp(02)
Mensaje D / 00:00:01:200 / fssp(0,2)(05) / ... para fssp(02)
Mensaje Y / 00:00:01:200 / fssp(0,3)(06) / out /      5.00000 para fssp(02)
Mensaje D / 00:00:01:200 / fssp(0,3)(06) / ... para fssp(02)
Mensaje Y / 00:00:01:200 / fssp(0,6)(09) / out /      3.00000 para fssp(02)
Mensaje D / 00:00:01:200 / fssp(0,6)(09) / ... para fssp(02)
Mensaje Y / 00:00:01:200 / fssp(0,7)(10) / out /      3.00000 para fssp(02)
Mensaje D / 00:00:01:200 / fssp(0,7)(10) / ... para fssp(02)
Mensaje Y / 00:00:01:200 / fssp(0,8)(11) / out /      4.00000 para fssp(02)
Mensaje D / 00:00:01:200 / fssp(0,8)(11) / ... para fssp(02)
Mensaje X / 00:00:01:200 / fssp(02) / neighborchange /      4.00000 para fssp(0,1)(04)
Mensaje X / 00:00:01:200 / fssp(02) / neighborchange /      4.00000 para fssp(0,2)(05)
Mensaje X / 00:00:01:200 / fssp(02) / neighborchange /      4.00000 para fssp(0,3)(06)
Mensaje X / 00:00:01:200 / fssp(02) / neighborchange /      5.00000 para fssp(0,4)(07)
Mensaje X / 00:00:01:200 / fssp(02) / neighborchange /      3.00000 para fssp(0,5)(08)
Mensaje X / 00:00:01:200 / fssp(02) / neighborchange /      3.00000 para fssp(0,6)(09)
Mensaje X / 00:00:01:200 / fssp(02) / neighborchange /      3.00000 para fssp(0,7)(10)
Mensaje X / 00:00:01:200 / fssp(02) / neighborchange /      3.00000 para fssp(0,8)(11)
Mensaje X / 00:00:01:200 / fssp(02) / neighborchange /      4.00000 para fssp(0,9)(12)
Mensaje D / 00:00:01:200 / fssp(0,1)(04) / ... para fssp(02)
Mensaje D / 00:00:01:200 / fssp(0,2)(05) / 00:00:00:100 para fssp(02)
Mensaje D / 00:00:01:200 / fssp(0,3)(06) / 00:00:00:100 para fssp(02)
Mensaje D / 00:00:01:200 / fssp(0,4)(07) / ... para fssp(02)
Mensaje D / 00:00:01:200 / fssp(0,5)(08) / 00:00:00:100 para fssp(02)
Mensaje D / 00:00:01:200 / fssp(0,6)(09) / ... para fssp(02)
Mensaje D / 00:00:01:200 / fssp(0,7)(10) / 00:00:00:100 para fssp(02)
Mensaje D / 00:00:01:200 / fssp(0,8)(11) / ... para fssp(02)
Mensaje D / 00:00:01:200 / fssp(0,9)(12) / 00:00:00:100 para fssp(02)
Mensaje D / 00:00:01:200 / fssp(02) / 00:00:00:100 para top(01)
Mensaje D / 00:00:01:200 / top(01) / 00:00:00:100 para Root(00)
Mensaje * / 00:00:01:300 / Root(00) para top(01)
Mensaje * / 00:00:01:300 / top(01) para fssp(02)
Mensaje * / 00:00:01:300 / fssp(02) para fssp(0,2)(05)
Mensaje * / 00:00:01:300 / fssp(02) para fssp(0,3)(06)
Mensaje * / 00:00:01:300 / fssp(02) para fssp(0,5)(08)
Mensaje * / 00:00:01:300 / fssp(02) para fssp(0,7)(10)
Mensaje * / 00:00:01:300 / fssp(02) para fssp(0,9)(12)
Mensaje Y / 00:00:01:300 / fssp(0,2)(05) / out /      3.00000 para fssp(02)
Mensaje D / 00:00:01:300 / fssp(0,2)(05) / ... para fssp(02)
Mensaje Y / 00:00:01:300 / fssp(0,3)(06) / out /      2.00000 para fssp(02)
Mensaje D / 00:00:01:300 / fssp(0,3)(06) / ... para fssp(02)
Mensaje Y / 00:00:01:300 / fssp(0,5)(08) / out /      0.00000 para fssp(02)
Mensaje D / 00:00:01:300 / fssp(0,5)(08) / ... para fssp(02)
Mensaje Y / 00:00:01:300 / fssp(0,7)(10) / out /      4.00000 para fssp(02)
Mensaje D / 00:00:01:300 / fssp(0,7)(10) / ... para fssp(02)
Mensaje Y / 00:00:01:300 / fssp(0,9)(12) / out /      2.00000 para fssp(02)
Mensaje D / 00:00:01:300 / fssp(0,9)(12) / ... para fssp(02)
Mensaje X / 00:00:01:300 / fssp(02) / neighborchange /      3.00000 para fssp(0,1)(04)
Mensaje X / 00:00:01:300 / fssp(02) / neighborchange /      3.00000 para fssp(0,2)(05)
Mensaje X / 00:00:01:300 / fssp(02) / neighborchange /      3.00000 para fssp(0,3)(06)
Mensaje X / 00:00:01:300 / fssp(02) / neighborchange /      2.00000 para fssp(0,4)(07)
Mensaje X / 00:00:01:300 / fssp(02) / neighborchange /      0.00000 para fssp(0,5)(08)
Mensaje X / 00:00:01:300 / fssp(02) / neighborchange /      0.00000 para fssp(0,6)(09)
Mensaje X / 00:00:01:300 / fssp(02) / neighborchange /      4.00000 para fssp(0,7)(10)
Mensaje X / 00:00:01:300 / fssp(02) / neighborchange /      4.00000 para fssp(0,8)(11)
Mensaje X / 00:00:01:300 / fssp(02) / neighborchange /      2.00000 para fssp(0,9)(12)
Mensaje X / 00:00:01:300 / fssp(02) / neighborchange /      2.00000 para fssp(0,10)(13)
Mensaje D / 00:00:01:300 / fssp(0,1)(04) / ... para fssp(02)
Mensaje D / 00:00:01:300 / fssp(0,2)(05) / 00:00:00:100 para fssp(02)
Mensaje D / 00:00:01:300 / fssp(0,3)(06) / 00:00:00:100 para fssp(02)
Mensaje D / 00:00:01:300 / fssp(0,4)(07) / 00:00:00:100 para fssp(02)
Mensaje D / 00:00:01:300 / fssp(0,5)(08) / ... para fssp(02)
Mensaje D / 00:00:01:300 / fssp(0,6)(09) / 00:00:00:100 para fssp(02)
Mensaje D / 00:00:01:300 / fssp(0,7)(10) / ... para fssp(02)
Mensaje D / 00:00:01:300 / fssp(0,8)(11) / 00:00:00:100 para fssp(02)
Mensaje D / 00:00:01:300 / fssp(0,9)(12) / ... para fssp(02)
Mensaje D / 00:00:01:300 / fssp(0,10)(13) / 00:00:00:100 para fssp(02)
Mensaje D / 00:00:01:300 / fssp(02) / 00:00:00:100 para top(01)
Mensaje D / 00:00:01:300 / top(01) / 00:00:00:100 para Root(00)
Mensaje * / 00:00:01:400 / Root(00) para top(01)
Mensaje * / 00:00:01:400 / top(01) para fssp(02)
Mensaje * / 00:00:01:400 / fssp(02) para fssp(0,2)(05)
Mensaje * / 00:00:01:400 / fssp(02) para fssp(0,3)(06)
Mensaje * / 00:00:01:400 / fssp(02) para fssp(0,4)(07)
Mensaje * / 00:00:01:400 / fssp(02) para fssp(0,6)(09)
Mensaje * / 00:00:01:400 / fssp(02) para fssp(0,8)(11)
Mensaje * / 00:00:01:400 / fssp(02) para fssp(0,10)(13)
Mensaje Y / 00:00:01:400 / fssp(0,2)(05) / out /      4.00000 para fssp(02)
Mensaje D / 00:00:01:400 / fssp(0,2)(05) / ... para fssp(02)
Mensaje Y / 00:00:01:400 / fssp(0,3)(06) / out /      5.00000 para fssp(02)
Mensaje D / 00:00:01:400 / fssp(0,3)(06) / ... para fssp(02)
Mensaje Y / 00:00:01:400 / fssp(0,4)(07) / out /      5.00000 para fssp(02)
Mensaje D / 00:00:01:400 / fssp(0,4)(07) / ... para fssp(02)
Mensaje Y / 00:00:01:400 / fssp(0,6)(09) / out /      0.00000 para fssp(02)
Mensaje D / 00:00:01:400 / fssp(0,6)(09) / ... para fssp(02)
Mensaje Y / 00:00:01:400 / fssp(0,8)(11) / out /      2.00000 para fssp(02)
Mensaje D / 00:00:01:400 / fssp(0,8)(11) / ... para fssp(02)
Mensaje Y / 00:00:01:400 / fssp(0,10)(13) / out /      4.00000 para fssp(02)
Mensaje D / 00:00:01:400 / fssp(0,10)(13) / ... para fssp(02)
Mensaje X / 00:00:01:400 / fssp(02) / neighborchange /      4.00000 para fssp(0,1)(04)
Mensaje X / 00:00:01:400 / fssp(02) / neighborchange /      4.00000 para fssp(0,2)(05)
Mensaje X / 00:00:01:400 / fssp(02) / neighborchange /      4.00000 para fssp(0,3)(06)
Mensaje X / 00:00:01:400 / fssp(02) / neighborchange /      5.00000 para fssp(0,4)(07)
Mensaje X / 00:00:01:400 / fssp(02) / neighborchange /      5.00000 para fssp(0,5)(08)
Mensaje X / 00:00:01:400 / fssp(02) / neighborchange /      0.00000 para fssp(0,6)(09)
Mensaje X / 00:00:01:400 / fssp(02) / neighborchange /      0.00000 para fssp(0,7)(10)
Mensaje X / 00:00:01:400 / fssp(02) / neighborchange /      2.00000 para fssp(0,8)(11)
Mensaje X / 00:00:01:400 / fssp(02) / neighborchange /      2.00000 para fssp(0,9)(12)
Mensaje X / 00:00:01:400 / fssp(02) / neighborchange /      4.00000 para fssp(0,10)(13)
Mensaje X / 00:00:01:400 / fssp(02) / neighborchange /      4.00000 para fssp(0,11)(14)
Mensaje D / 00:00:01:400 / fssp(0,1)(04) / ... para fssp(02)
Mensaje D / 00:00:01:400 / fssp(0,2)(05) / 00:00:00:100 para fssp(02)
Mensaje D / 00:00:01:400 / fssp(0,3)(06) / 00:00:00:100 para fssp(02)
Mensaje D / 00:00:01:400 / fssp(0,4)(07) / 00:00:00:100 para fssp(02)
Mensaje D / 00:00:01:400 / fssp(0,5)(08) / 00:00:00:100 para fssp(02)
Mensaje D / 00:00:01:400 / fssp(0,6)(09) / ... para fssp(02)
Mensaje D / 00:00:01:400 / fssp(0,7)(10) / 00:00:00:100 para fssp(02)
Mensaje D / 00:00:01:400 / fssp(0,8)(11) / ... para fssp(02)
Mensaje D / 00:00:01:400 / fssp(0,9)(12) / 00:00:00:100 para fssp(02)
Mensaje D / 00:00:01:400 / fssp(0,10)(13) / 00:00:00:100 para fssp(02)
Mensaje D / 00:00:01:400 / fssp(0,11)(14) / ... para fssp(02)
Mensaje D / 00:00:01:400 / fssp(02) / 00:00:00:100 para top(01)
Mensaje D / 00:00:01:400 / top(01) / 00:00:00:100 para Root(00)
Mensaje * / 00:00:01:500 / Root(00) para top(01)
Mensaje * / 00:00:01:500 / top(01) para fssp(02)
Mensaje * / 00:00:01:500 / fssp(02) para fssp(0,2)(05)
Mensaje * / 00:00:01:500 / fssp(02) para fssp(0,3)(06)
Mensaje * / 00:00:01:500 / fssp(02) para fssp(0,4)(07)
Mensaje * / 00:00:01:500 / fssp(02) para fssp(0,5)(08)
Mensaje * / 00:00:01:500 / fssp(02) para fssp(0,7)(10)
Mensaje * / 00:00:01:500 / fssp(02) para fssp(0,9)(12)
Mensaje * / 00:00:01:500 / fssp(02) para fssp(0,10)(13)
Mensaje Y / 00:00:01:500 / fssp(0,2)(05) / out /      3.00000 para fssp(02)
Mensaje D / 00:00:01:500 / fssp(0,2)(05) / ... para fssp(02)
Mensaje Y / 00:00:01:500 / fssp(0,3)(06) / out /      2.00000 para fssp(02)
Mensaje D / 00:00:01:500 / fssp(0,3)(06) / ... para fssp(02)
Mensaje Y / 00:00:01:500 / fssp(0,4)(07) / out /      3.00000 para fssp(02)
Mensaje D / 00:00:01:500 / fssp(0,4)(07) / ... para fssp(02)
Mensaje Y / 00:00:01:500 / fssp(0,5)(08) / out /      4.00000 para fssp(02)
Mensaje D / 00:00:01:500 / fssp(0,5)(08) / ... para fssp(02)
Mensaje Y / 00:00:01:500 / fssp(0,7)(10) / out /      2.00000 para fssp(02)
Mensaje D / 00:00:01:500 / fssp(0,7)(10) / ... para fssp(02)
Mensaje Y / 00:00:01:500 / fssp(0,9)(12) / out /      4.00000 para fssp(02)
Mensaje D / 00:00:01:500 / fssp(0,9)(12) / ... para fssp(02)
Mensaje Y / 00:00:01:500 / fssp(0,10)(13) / out /      3.00000 para fssp(02)
Mensaje D / 00:00:01:500 / fssp(0,10)(13) / ... para fssp(02)
Mensaje X / 00:00:01:500 / fssp(02) / neighborchange /      3.00000 para fssp(0,1)(04)
Mensaje X / 00:00:01:500 / fssp(02) / neighborchange /      3.00000 para fssp(0,2)(05)
Mensaje X / 00:00:01:500 / fssp(02) / neighborchange /      3.00000 para fssp(0,3)(06)
Mensaje X / 00:00:01:500 / fssp(02) / neighborchange /      2.00000 para fssp(0,4)(07)
Mensaje X / 00:00:01:500 / fssp(02) / neighborchange /      3.00000 para fssp(0,5)(08)
Mensaje X / 00:00:01:500 / fssp(02) / neighborchange /      4.00000 para fssp(0,6)(09)
Mensaje X / 00:00:01:500 / fssp(02) / neighborchange /      2.00000 para fssp(0,7)(10)
Mensaje X / 00:00:01:500 / fssp(02) / neighborchange /      2.00000 para fssp(0,8)(11)
Mensaje X / 00:00:01:500 / fssp(02) / neighborchange /      4.00000 para fssp(0,9)(12)
Mensaje X / 00:00:01:500 / fssp(02) / neighborchange /      4.00000 para fssp(0,10)(13)
Mensaje X / 00:00:01:500 / fssp(02) / neighborchange /      3.00000 para fssp(0,11)(14)
Mensaje D / 00:00:01:500 / fssp(0,1)(04) / ... para fssp(02)
Mensaje D / 00:00:01:500 / fssp(0,2)(05) / 00:00:00:100 para fssp(02)
Mensaje D / 00:00:01:500 / fssp(0,3)(06) / 00:00:00:100 para fssp(02)
Mensaje D / 00:00:01:500 / fssp(0,4)(07) / 00:00:00:100 para fssp(02)
Mensaje D / 00:00:01:500 / fssp(0,5)(08) / ... para fssp(02)
Mensaje D / 00:00:01:500 / fssp(0,6)(09) / ... para fssp(02)
Mensaje D / 00:00:01:500 / fssp(0,7)(10) / ... para fssp(02)
Mensaje D / 00:00:01:500 / fssp(0,8)(11) / 00:00:00:100 para fssp(02)
Mensaje D / 00:00:01:500 / fssp(0,9)(12) / 00:00:00:100 para fssp(02)
Mensaje D / 00:00:01:500 / fssp(0,10)(13) / 00:00:00:100 para fssp(02)
Mensaje D / 00:00:01:500 / fssp(0,11)(14) / ... para fssp(02)
Mensaje D / 00:00:01:500 / fssp(02) / 00:00:00:100 para top(01)
Mensaje D / 00:00:01:500 / top(01) / 00:00:00:100 para Root(00)
Mensaje * / 00:00:01:600 / Root(00) para top(01)
Mensaje * / 00:00:01:600 / top(01) para fssp(02)
Mensaje * / 00:00:01:600 / fssp(02) para fssp(0,2)(05)
Mensaje * / 00:00:01:600 / fssp(02) para fssp(0,3)(06)
Mensaje * / 00:00:01:600 / fssp(02) para fssp(0,4)(07)
Mensaje * / 00:00:01:600 / fssp(02) para fssp(0,8)(11)
Mensaje * / 00:00:01:600 / fssp(02) para fssp(0,9)(12)
Mensaje * / 00:00:01:600 / fssp(02) para fssp(0,10)(13)
Mensaje Y / 00:00:01:600 / fssp(0,2)(05) / out /      4.00000 para fssp(02)
Mensaje D / 00:00:01:600 / fssp(0,2)(05) / ... para fssp(02)
Mensaje Y / 00:00:01:600 / fssp(0,3)(06) / out /      5.00000 para fssp(02)
Mensaje D / 00:00:01:600 / fssp(0,3)(06) / ... para fssp(02)
Mensaje Y / 00:00:01:600 / fssp(0,4)(07) / out /      0.00000 para fssp(02)
Mensaje D / 00:00:01:600 / fssp(0,4)(07) / ... para fssp(02)
Mensaje Y / 00:00:01:600 / fssp(0,8)(11) / out /      4.00000 para fssp(02)
Mensaje D / 00:00:01:600 / fssp(0,8)(11) / ... para fssp(02)
Mensaje Y / 00:00:01:600 / fssp(0,9)(12) / out /      3.00000 para fssp(02)
Mensaje D / 00:00:01:600 / fssp(0,9)(12) / ... para fssp(02)
Mensaje Y / 00:00:01:600 / fssp(0,10)(13) / out /      0.00000 para fssp(02)
Mensaje D / 00:00:01:600 / fssp(0,10)(13) / ... para fssp(02)
Mensaje X / 00:00:01:600 / fssp(02) / neighborchange /      4.00000 para fssp(0,1)(04)
Mensaje X / 00:00:01:600 / fssp(02) / neighborchange /      4.00000 para fssp(0,2)(05)
Mensaje X / 00:00:01:600 / fssp(02) / neighborchange /      4.00000 para fssp(0,3)(06)
Mensaje X / 00:00:01:600 / fssp(02) / neighborchange /      5.00000 para fssp(0,4)(07)
Mensaje X / 00:00:01:600 / fssp(02) / neighborchange /      0.00000 para fssp(0,5)(08)
Mensaje X / 00:00:01:600 / fssp(02) / neighborchange /      4.00000 para fssp(0,7)(10)
Mensaje X / 00:00:01:600 / fssp(02) / neighborchange /      4.00000 para fssp(0,8)(11)
Mensaje X / 00:00:01:600 / fssp(02) / neighborchange /      4.00000 para fssp(0,9)(12)
Mensaje X / 00:00:01:600 / fssp(02) / neighborchange /      3.00000 para fssp(0,10)(13)
Mensaje X / 00:00:01:600 / fssp(02) / neighborchange /      0.00000 para fssp(0,11)(14)
Mensaje D / 00:00:01:600 / fssp(0,1)(04) / ... para fssp(02)
Mensaje D / 00:00:01:600 / fssp(0,2)(05) / 00:00:00:100 para fssp(02)
Mensaje D / 00:00:01:600 / fssp(0,3)(06) / 00:00:00:100 para fssp(02)
Mensaje D / 00:00:01:600 / fssp(0,4)(07) / ... para fssp(02)
Mensaje D / 00:00:01:600 / fssp(0,5)(08) / ... para fssp(02)
Mensaje D / 00:00:01:600 / fssp(0,7)(10) / 00:00:00:100 para fssp(02)
Mensaje D / 00:00:01:600 / fssp(0,8)(11) / 00:00:00:100 para fssp(02)
Mensaje D / 00:00:01:600 / fssp(0,9)(12) / 00:00:00:100 para fssp(02)
Mensaje D / 00:00:01:600 / fssp(0,10)(13) / ... para fssp(02)
Mensaje D / 00:00:01:600 / fssp(0,11)(14) / ... para fssp(02)
Mensaje D / 00:00:01:600 / fssp(02) / 00:00:00:100 para top(01)
Mensaje D / 00:00:01:600 / top(01) / 00:00:00:100 para Root(00)
Mensaje * / 00:00:01:700 / Root(00) para top(01)
Mensaje * / 00:00:01:700 / top(01) para fssp(02)
Mensaje * / 00:00:01:700 / fssp(02) para fssp(0,2)(05)
Mensaje * / 00:00:01:700 / fssp(02) para fssp(0,3)(06)
Mensaje * / 00:00:01:700 / fssp(02) para fssp(0,7)(10)
Mensaje * / 00:00:01:700 / fssp(02) para fssp(0,8)(11)
Mensaje * / 00:00:01:700 / fssp(02) para fssp(0,9)(12)
Mensaje Y / 00:00:01:700 / fssp(0,2)(05) / out /      3.00000 para fssp(02)
Mensaje D / 00:00:01:700 / fssp(0,2)(05) / ... para fssp(02)
Mensaje Y / 00:00:01:700 / fssp(0,3)(06) / out /      2.00000 para fssp(02)
Mensaje D / 00:00:01:700 / fssp(0,3)(06) / ... para fssp(02)
Mensaje Y / 00:00:01:700 / fssp(0,7)(10) / out /      5.00000 para fssp(02)
Mensaje D / 00:00:01:700 / fssp(0,7)(10) / ... para fssp(02)
Mensaje Y / 00:00:01:700 / fssp(0,8)(11) / out /      3.00000 para fssp(02)
Mensaje D / 00:00:01:700 / fssp(0,8)(11) / ... para fssp(02)
Mensaje Y / 00:00:01:700 / fssp(0,9)(12) / out /      0.00000 para fssp(02)
Mensaje D / 00:00:01:700 / fssp(0,9)(12) / ... para fssp(02)
Mensaje X / 00:00:01:700 / fssp(02) / neighborchange /      3.00000 para fssp(0,1)(04)
Mensaje X / 00:00:01:700 / fssp(02) / neighborchange /      3.00000 para fssp(0,2)(05)
Mensaje X / 00:00:01:700 / fssp(02) / neighborchange /      3.00000 para fssp(0,3)(06)
Mensaje X / 00:00:01:700 / fssp(02) / neighborchange /      2.00000 para fssp(0,4)(07)
Mensaje X / 00:00:01:700 / fssp(02) / neighborchange /      5.00000 para fssp(0,6)(09)
Mensaje X / 00:00:01:700 / fssp(02) / neighborchange /      5.00000 para fssp(0,7)(10)
Mensaje X / 00:00:01:700 / fssp(02) / neighborchange /      5.00000 para fssp(0,8)(11)
Mensaje X / 00:00:01:700 / fssp(02) / neighborchange /      3.00000 para fssp(0,9)(12)
Mensaje X / 00:00:01:700 / fssp(02) / neighborchange /      0.00000 para fssp(0,10)(13)
Mensaje D / 00:00:01:700 / fssp(0,1)(04) / ... para fssp(02)
Mensaje D / 00:00:01:700 / fssp(0,2)(05) / 00:00:00:100 para fssp(02)
Mensaje D / 00:00:01:700 / fssp(0,3)(06) / 00:00:00:100 para fssp(02)
Mensaje D / 00:00:01:700 / fssp(0,4)(07) / ... para fssp(02)
Mensaje D / 00:00:01:700 / fssp(0,6)(09) / 00:00:00:100 para fssp(02)
Mensaje D / 00:00:01:700 / fssp(0,7)(10) / ... para fssp(02)
Mensaje D / 00:00:01:700 / fssp(0,8)(11) / 00:00:00:100 para fssp(02)
Mensaje D / 00:00:01:700 / fssp(0,9)(12) / ... para fssp(02)
Mensaje D / 00:00:01:700 / fssp(0,10)(13) / ... para fssp(02)
Mensaje D / 00:00:01:700 / fssp(02) / 00:00:00:100 para top(01)
Mensaje D / 00:00:01:700 / top(01) / 00:00:00:100 para Root(00)
Mensaje * / 00:00:01:800 / Root(00) para top(01)
Mensaje * / 00:00:01:800 / top(01) para fssp(02)
Mensaje * / 00:00:01:800 / fssp(02) para fssp(0,2)(05)
Mensaje * / 00:00:01:800 / fssp(02) para fssp(0,3)(06)
Mensaje * / 00:00:01:800 / fssp(02) para fssp(0,6)(09)
Mensaje * / 00:00:01:800 / fssp(02) para fssp(0,8)(11)
Mensaje Y / 00:00:01:800 / fssp(0,2)(05) / out /      4.00000 para fssp(02)
Mensaje D / 00:00:01:800 / fssp(0,2)(05) / ... para fssp(02)
Mensaje Y / 00:00:01:800 / fssp(0,3)(06) / out /      5.00000 para fssp(02)
Mensaje D / 00:00:01:800 / fssp(0,3)(06) / ... para fssp(02)
Mensaje Y / 00:00:01:800 / fssp(0,6)(09) / out /      5.00000 para fssp(02)
Mensaje D / 00:00:01:800 / fssp(0,6)(09) / ... para fssp(02)
Mensaje Y / 00:00:01:800 / fssp(0,8)(11) / out /      4.00000 para fssp(02)
Mensaje D / 00:00:01:800 / fssp(0,8)(11) / ... para fssp(02)
Mensaje X / 00:00:01:800 / fssp(02) / neighborchange /      4.00000 para fssp(0,1)(04)
Mensaje X / 00:00:01:800 / fssp(02) / neighborchange /      4.00000 para fssp(0,2)(05)
Mensaje X / 00:00:01:800 / fssp(02) / neighborchange /      4.00000 para fssp(0,3)(06)
Mensaje X / 00:00:01:800 / fssp(02) / neighborchange /      5.00000 para fssp(0,4)(07)
Mensaje X / 00:00:01:800 / fssp(02) / neighborchange /      5.00000 para fssp(0,5)(08)
Mensaje X / 00:00:01:800 / fssp(02) / neighborchange /      5.00000 para fssp(0,6)(09)
Mensaje X / 00:00:01:800 / fssp(02) / neighborchange /      5.00000 para fssp(0,7)(10)
Mensaje X / 00:00:01:800 / fssp(02) / neighborchange /      4.00000 para fssp(0,8)(11)
Mensaje X / 00:00:01:800 / fssp(02) / neighborchange /      4.00000 para fssp(0,9)(12)
Mensaje D / 00:00:01:800 / fssp(0,1)(04) / ... para fssp(02)
Mensaje D / 00:00:01:800 / fssp(0,2)(05) / 00:00:00:100 para fssp(02)
Mensaje D / 00:00:01:800 / fssp(0,3)(06) / 00:00:00:100 para fssp(02)
Mensaje D / 00:00:01:800 / fssp(0,4)(07) / ... para fssp(02)
Mensaje D / 00:00:01:800 / fssp(0,5)(08) / 00:00:00:100 para fssp(02)
Mensaje D / 00:00:01:800 / fssp(0,6)(09) / 00:00:00:100 para fssp(02)
Mensaje D / 00:00:01:800 / fssp(0,7)(10) / ... para fssp(02)
Mensaje D / 00:00:01:800 / fssp(0,8)(11) / 00:00:00:100 para fssp(02)
Mensaje D / 00:00:01:800 / fssp(0,9)(12) / 00:00:00:100 para fssp(02)
Mensaje D / 00:00:01:800 / fssp(02) / 00:00:00:100 para top(01)
Mensaje D / 00:00:01:800 / top(01) / 00:00:00:100 para Root(00)
Mensaje * / 00:00:01:900 / Root(00) para top(01)
Mensaje * / 00:00:01:900 / top(01) para fssp(02)
Mensaje * / 00:00:01:900 / fssp(02) para fssp(0,2)(05)
Mensaje * / 00:00:01:900 / fssp(02) para fssp(0,3)(06)
Mensaje * / 00:00:01:900 / fssp(02) para fssp(0,5)(08)
Mensaje * / 00:00:01:900 / fssp(02) para fssp(0,6)(09)
Mensaje * / 00:00:01:900 / fssp(02) para fssp(0,8)(11)
Mensaje * / 00:00:01:900 / fssp(02) para fssp(0,9)(12)
Mensaje Y / 00:00:01:900 / fssp(0,2)(05) / out /      3.00000 para fssp(02)
Mensaje D / 00:00:01:900 / fssp(0,2)(05) / ... para fssp(02)
Mensaje Y / 00:00:01:900 / fssp(0,3)(06) / out /      2.00000 para fssp(02)
Mensaje D / 00:00:01:900 / fssp(0,3)(06) / ... para fssp(02)
Mensaje Y / 00:00:01:900 / fssp(0,5)(08) / out /      5.00000 para fssp(02)
Mensaje D / 00:00:01:900 / fssp(0,5)(08) / ... para fssp(02)
Mensaje Y / 00:00:01:900 / fssp(0,6)(09) / out /      2.00000 para fssp(02)
Mensaje D / 00:00:01:900 / fssp(0,6)(09) / ... para fssp(02)
Mensaje Y / 00:00:01:900 / fssp(0,8)(11) / out /      3.00000 para fssp(02)
Mensaje D / 00:00:01:900 / fssp(0,8)(11) / ... para fssp(02)
Mensaje Y / 00:00:01:900 / fssp(0,9)(12) / out /      2.00000 para fssp(02)
Mensaje D / 00:00:01:900 / fssp(0,9)(12) / ... para fssp(02)
Mensaje X / 00:00:01:900 / fssp(02) / neighborchange /      3.00000 para fssp(0,1)(04)
Mensaje X / 00:00:01:900 / fssp(02) / neighborchange /      3.00000 para fssp(0,2)(05)
Mensaje X / 00:00:01:900 / fssp(02) / neighborchange /      3.00000 para fssp(0,3)(06)
Mensaje X / 00:00:01:900 / fssp(02) / neighborchange /      2.00000 para fssp(0,4)(07)
Mensaje X / 00:00:01:900 / fssp(02) / neighborchange /      5.00000 para fssp(0,5)(08)
Mensaje X / 00:00:01:900 / fssp(02) / neighborchange /      5.00000 para fssp(0,6)(09)
Mensaje X / 00:00:01:900 / fssp(02) / neighborchange /      2.00000 para fssp(0,7)(10)
Mensaje X / 00:00:01:900 / fssp(02) / neighborchange /      3.00000 para fssp(0,8)(11)
Mensaje X / 00:00:01:900 / fssp(02) / neighborchange /      3.00000 para fssp(0,9)(12)
Mensaje X / 00:00:01:900 / fssp(02) / neighborchange /      2.00000 para fssp(0,10)(13)
Mensaje D / 00:00:01:900 / fssp(0,1)(04) / ... para fssp(02)
Mensaje D / 00:00:01:900 / fssp(0,2)(05) / 00:00:00:100 para fssp(02)
Mensaje D / 00:00:01:900 / fssp(0,3)(06) / 00:00:00:100 para fssp(02)
Mensaje D / 00:00:01:900 / fssp(0,4)(07) / 00:00:00:100 para fssp(02)
Mensaje D / 00:00:01:900 / fssp(0,5)(08) / ... para fssp(02)
Mensaje D / 00:00:01:900 / fssp(0,6)(09) / 00:00:00:100 para fssp(02)
Mensaje D / 00:00:01:900 / fssp(0,7)(10) / ... para fssp(02)
Mensaje D / 00:00:01:900 / fssp(0,8)(11) / 00:00:00:100 para fssp(02)
Mensaje D / 00:00:01:900 / fssp(0,9)(12) / 00:00:00:100 para fssp(02)
Mensaje D / 00:00:01:900 / fssp(0,10)(13) / 00:00:00:100 para fssp(02)
Mensaje D / 00:00:01:900 / fssp(02) / 00:00:00:100 para top(01)
Mensaje D / 00:00:01:900 / top(01) / 00:00:00:100 para Root(00)
Mensaje * / 00:00:02:000 / Root(00) para top(01)
Mensaje * / 00:00:02:000 / top(01) para fssp(02)
Mensaje * / 00:00:02:000 / fssp(02) para fssp(0,2)(05)
Mensaje * / 00:00:02:000 / fssp(02) para fssp(0,3)(06)
Mensaje * / 00:00:02:000 / fssp(02) para fssp(0,4)(07)
Mensaje * / 00:00:02:000 / fssp(02) para fssp(0,6)(09)
Mensaje * / 00:00:02:000 / fssp(02) para fssp(0,8)(11)
Mensaje * / 00:00:02:000 / fssp(02) para fssp(0,9)(12)
Mensaje * / 00:00:02:000 / fssp(02) para fssp(0,10)(13)
Mensaje Y / 00:00:02:000 / fssp(0,2)(05) / out /      4.00000 para fssp(02)
Mensaje D / 00:00:02:000 / fssp(0,2)(05) / ... para fssp(02)
Mensaje Y / 00:00:02:000 / fssp(0,3)(06) / out /      5.00000 para fssp(02)
Mensaje D / 00:00:02:000 / fssp(0,3)(06) / ... para fssp(02)
Mensaje Y / 00:00:02:000 / fssp(0,4)(07) / out /      4.00000 para fssp(02)
Mensaje D / 00:00:02:000 / fssp(0,4)(07) / ... para fssp(02)
Mensaje Y / 00:00:02:000 / fssp(0,6)(09) / out /      4.00000 para fssp(02)
Mensaje D / 00:00:02:000 / fssp(0,6)(09) / ... para fssp(02)
Mensaje Y / 00:00:02:000 / fssp(0,8)(11) / out /      4.00000 para fssp(02)
Mensaje D / 00:00:02:000 / fssp(0,8)(11) / ... para fssp(02)
Mensaje Y / 00:00:02:000 / fssp(0,9)(12) / out /      5.00000 para fssp(02)
Mensaje D / 00:00:02:000 / fssp(0,9)(12) / ... para fssp(02)
Mensaje Y / 00:00:02:000 / fssp(0,10)(13) / out /      4.00000 para fssp(02)
Mensaje D / 00:00:02:000 / fssp(0,10)(13) / ... para fssp(02)
Mensaje X / 00:00:02:000 / fssp(02) / neighborchange /      4.00000 para fssp(0,1)(04)
Mensaje X / 00:00:02:000 / fssp(02) / neighborchange /      4.00000 para fssp(0,2)(05)
Mensaje X / 00:00:02:000 / fssp(02) / neighborchange /      4.00000 para fssp(0,3)(06)
Mensaje X / 00:00:02:000 / fssp(02) / neighborchange /      5.00000 para fssp(0,4)(07)
Mensaje X / 00:00:02:000 / fssp(02) / neighborchange /      4.00000 para fssp(0,5)(08)
Mensaje X / 00:00:02:000 / fssp(02) / neighborchange /      4.00000 para fssp(0,6)(09)
Mensaje X / 00:00:02:000 / fssp(02) / neighborchange /      4.00000 para fssp(0,7)(10)
Mensaje X / 00:00:02:000 / fssp(02) / neighborchange /      4.00000 para fssp(0,8)(11)
Mensaje X / 00:00:02:000 / fssp(02) / neighborchange /      4.00000 para fssp(0,9)(12)
Mensaje X / 00:00:02:000 / fssp(02) / neighborchange /      5.00000 para fssp(0,10)(13)
Mensaje X / 00:00:02:000 / fssp(02) / neighborchange /      4.00000 para fssp(0,11)(14)
Mensaje D / 00:00:02:000 / fssp(0,1)(04) / ... para fssp(02)
Mensaje D / 00:00:02:000 / fssp(0,2)(05) / 00:00:00:100 para fssp(02)
Mensaje D / 00:00:02:000 / fssp(0,3)(06) / ... para fssp(02)
Mensaje D / 00:00:02:000 / fssp(0,4)(07) / 00:00:00:100 para fssp(02)
Mensaje D / 00:00:02:000 / fssp(0,5)(08) / ... para fssp(02)
Mensaje D / 00:00:02:000 / fssp(0,6)(09) / 00:00:00:100 para fssp(02)
Mensaje D / 00:00:02:000 / fssp(0,7)(10) / ... para fssp(02)
Mensaje D / 00:00:02:000 / fssp(0,8)(11) / 00:00:00:100 para fssp(02)
Mensaje D / 00:00:02:000 / fssp(0,9)(12) / ... para fssp(02)
Mensaje D / 00:00:02:000 / fssp(0,10)(13) / 00:00:00:100 para fssp(02)
Mensaje D / 00:00:02:000 / fssp(0,11)(14) / ... para fssp(02)
Mensaje D / 00:00:02:000 / fssp(02) / 00:00:00:100 para top(01)
Mensaje D / 00:00:02:000 / top(01) / 00:00:00:100 para Root(00)
Mensaje * / 00:00:02:100 / Root(00) para top(01)
Mensaje * / 00:00:02:100 / top(01) para fssp(02)
Mensaje * / 00:00:02:100 / fssp(02) para fssp(0,2)(05)
Mensaje * / 00:00:02:100 / fssp(02) para fssp(0,4)(07)
Mensaje * / 00:00:02:100 / fssp(02) para fssp(0,6)(09)
Mensaje * / 00:00:02:100 / fssp(02) para fssp(0,8)(11)
Mensaje * / 00:00:02:100 / fssp(02) para fssp(0,10)(13)
Mensaje Y / 00:00:02:100 / fssp(0,2)(05) / out /      3.00000 para fssp(02)
Mensaje D / 00:00:02:100 / fssp(0,2)(05) / ... para fssp(02)
Mensaje Y / 00:00:02:100 / fssp(0,4)(07) / out /      3.00000 para fssp(02)
Mensaje D / 00:00:02:100 / fssp(0,4)(07) / ... para fssp(02)
Mensaje Y / 00:00:02:100 / fssp(0,6)(09) / out /      3.00000 para fssp(02)
Mensaje D / 00:00:02:100 / fssp(0,6)(09) / ... para fssp(02)
Mensaje Y / 00:00:02:100 / fssp(0,8)(11) / out /      3.00000 para fssp(02)
Mensaje D / 00:00:02:100 / fssp(0,8)(11) / ... para fssp(02)
Mensaje Y / 00:00:02:100 / fssp(0,10)(13) / out /      3.00000 para fssp(02)
Mensaje D / 00:00:02:100 / fssp(0,10)(13) / ... para fssp(02)
Mensaje X / 00:00:02:100 / fssp(02) / neighborchange /      3.00000 para fssp(0,1)(04)
Mensaje X / 00:00:02:100 / fssp(02) / neighborchange /      3.00000 para fssp(0,2)(05)
Mensaje X / 00:00:02:100 / fssp(02) / neighborchange /      3.00000 para fssp(0,3)(06)
Mensaje X / 00:00:02:100 / fssp(02) / neighborchange /      3.00000 para fssp(0,4)(07)
Mensaje X / 00:00:02:100 / fssp(02) / neighborchange /      3.00000 para fssp(0,5)(08)
Mensaje X / 00:00:02:100 / fssp(02) / neighborchange /      3.00000 para fssp(0,6)(09)
Mensaje X / 00:00:02:100 / fssp(02) / neighborchange /      3.00000 para fssp(0,7)(10)
Mensaje X / 00:00:02:100 / fssp(02) / neighborchange /      3.00000 para fssp(0,8)(11)
Mensaje X / 00:00:02:100 / fssp(02) / neighborchange /      3.00000 para fssp(0,9)(12)
Mensaje X / 00:00:02:100 / fssp(02) / neighborchange /      3.00000 para fssp(0,10)(13)
Mensaje X / 00:00:02:100 / fssp(02) / neighborchange /      3.00000 para fssp(0,11)(14)
Mensaje D / 00:00:02:100 / fssp(0,1)(04) / ... para fssp(02)
Mensaje D / 00:00:02:100 / fssp(0,2)(05) / 00:00:00:100 para fssp(02)
Mensaje D / 00:00:02:100 / fssp(0,3)(06) / ... para fssp(02)
Mensaje D / 00:00:02:100 / fssp(0,4)(07) / 00:00:00:100 para fssp(02)
Mensaje D / 00:00:02:100 / fssp(0,5)(08) / ... para fssp(02)
Mensaje D / 00:00:02:100 / fssp(0,6)(09) / 00:00:00:100 para fssp(02)
Mensaje D / 00:00:02:100 / fssp(0,7)(10) / ... para fssp(02)
Mensaje D / 00:00:02:100 / fssp(0,8)(11) / 00:00:00:100 para fssp(02)
Mensaje D / 00:00:02:100 / fssp(0,9)(12) / ... para fssp(02)
Mensaje D / 00:00:02:100 / fssp(0,10)(13) / 00:00:00:100 para fssp(02)
Mensaje D / 00:00:02:100 / fssp(0,11)(14) / ... para fssp(02)
Mensaje D / 00:00:02:100 / fssp(02) / 00:00:00:100 para top(01)
Mensaje D / 00:00:02:100 / top(01) / 00:00:00:100 para Root(00)
Mensaje * / 00:00:02:200 / Root(00) para top(01)
Mensaje * / 00:00:02:200 / top(01) para fssp(02)
Mensaje * / 00:00:02:200 / fssp(02) para fssp(0,2)(05)
Mensaje * / 00:00:02:200 / fssp(02) para fssp(0,4)(07)
Mensaje * / 00:00:02:200 / fssp(02) para fssp(0,6)(09)
Mensaje * / 00:00:02:200 / fssp(02) para fssp(0,8)(11)
Mensaje * / 00:00:02:200 / fssp(02) para fssp(0,10)(13)
Mensaje Y / 00:00:02:200 / fssp(0,2)(05) / out /      5.00000 para fssp(02)
Mensaje D / 00:00:02:200 / fssp(0,2)(05) / ... para fssp(02)
Mensaje Y / 00:00:02:200 / fssp(0,4)(07) / out /      5.00000 para fssp(02)
Mensaje D / 00:00:02:200 / fssp(0,4)(07) / ... para fssp(02)
Mensaje Y / 00:00:02:200 / fssp(0,6)(09) / out /      5.00000 para fssp(02)
Mensaje D / 00:00:02:200 / fssp(0,6)(09) / ... para fssp(02)
Mensaje Y / 00:00:02:200 / fssp(0,8)(11) / out /      5.00000 para fssp(02)
Mensaje D / 00:00:02:200 / fssp(0,8)(11) / ... para fssp(02)
Mensaje Y / 00:00:02:200 / fssp(0,10)(13) / out /      5.00000 para fssp(02)
Mensaje D / 00:00:02:200 / fssp(0,10)(13) / ... para fssp(02)
Mensaje X / 00:00:02:200 / fssp(02) / neighborchange /      5.00000 para fssp(0,1)(04)
Mensaje X / 00:00:02:200 / fssp(02) / neighborchange /      5.00000 para fssp(0,2)(05)
Mensaje X / 00:00:02:200 / fssp(02) / neighborchange /      5.00000 para fssp(0,3)(06)
Mensaje X / 00:00:02:200 / fssp(02) / neighborchange /      5.00000 para fssp(0,4)(07)
Mensaje X / 00:00:02:200 / fssp(02) / neighborchange /      5.00000 para fssp(0,5)(08)
Mensaje X / 00:00:02:200 / fssp(02) / neighborchange /      5.00000 para fssp(0,6)(09)
Mensaje X / 00:00:02:200 / fssp(02) / neighborchange /      5.00000 para fssp(0,7)(10)
Mensaje X / 00:00:02:200 / fssp(02) / neighborchange /      5.00000 para fssp(0,8)(11)
Mensaje X / 00:00:02:200 / fssp(02) / neighborchange /      5.00000 para fssp(0,9)(12)
Mensaje X / 00:00:02:200 / fssp(02) / neighborchange /      5.00000 para fssp(0,10)(13)
Mensaje X / 00:00:02:200 / fssp(02) / neighborchange /      5.00000 para fssp(0,11)(14)
Mensaje D / 00:00:02:200 / fssp(0,1)(04) / 00:00:00:100 para fssp(02)
Mensaje D / 00:00:02:200 / fssp(0,2)(05) / 00:00:00:100 para fssp(02)
Mensaje D / 00:00:02:200 / fssp(0,3)(06) / 00:00:00:100 para fssp(02)
Mensaje D / 00:00:02:200 / fssp(0,4)(07) / 00:00:00:100 para fssp(02)
Mensaje D / 00:00:02:200 / fssp(0,5)(08) / 00:00:00:100 para fssp(02)
Mensaje D / 00:00:02:200 / fssp(0,6)(09) / 00:00:00:100 para fssp(02)
Mensaje D / 00:00:02:200 / fssp(0,7)(10) / 00:00:00:100 para fssp(02)
Mensaje D / 00:00:02:200 / fssp(0,8)(11) / 00:00:00:100 para fssp(02)
Mensaje D / 00:00:02:200 / fssp(0,9)(12) / 00:00:00:100 para fssp(02)
Mensaje D / 00:00:02:200 / fssp(0,10)(13) / 00:00:00:100 para fssp(02)
Mensaje D / 00:00:02:200 / fssp(0,11)(14) / ... para fssp(02)
Mensaje D / 00:00:02:200 / fssp(02) / 00:00:00:100 para top(01)
Mensaje D / 00:00:02:200 / top(01) / 00:00:00:100 para Root(00)
Mensaje * / 00:00:02:300 / Root(00) para top(01)
Mensaje * / 00:00:02:300 / top(01) para fssp(02)
Mensaje * / 00:00:02:300 / fssp(02) para fssp(0,1)(04)
Mensaje * / 00:00:02:300 / fssp(02) para fssp(0,2)(05)
Mensaje * / 00:00:02:300 / fssp(02) para fssp(0,3)(06)
Mensaje * / 00:00:02:300 / fssp(02) para fssp(0,4)(07)
Mensaje * / 00:00:02:300 / fssp(02) para fssp(0,5)(08)
Mensaje * / 00:00:02:300 / fssp(02) para fssp(0,6)(09)
Mensaje * / 00:00:02:300 / fssp(02) para fssp(0,7)(10)
Mensaje * / 00:00:02:300 / fssp(02) para fssp(0,8)(11)
Mensaje * / 00:00:02:300 / fssp(02) para fssp(0,9)(12)
Mensaje * / 00:00:02:300 / fssp(02) para fssp(0,10)(13)
Mensaje Y / 00:00:02:300 / fssp(0,1)(04) / out /      6.00000 para fssp(02)
Mensaje D / 00:00:02:300 / fssp(0,1)(04) / ... para fssp(02)
Mensaje Y / 00:00:02:300 / fssp(0,2)(05) / out /      6.00000 para fssp(02)
Mensaje D / 00:00:02:300 / fssp(0,2)(05) / ... para fssp(02)
Mensaje Y / 00:00:02:300 / fssp(0,3)(06) / out /      6.00000 para fssp(02)
Mensaje D / 00:00:02:300 / fssp(0,3)(06) / ... para fssp(02)
Mensaje Y / 00:00:02:300 / fssp(0,4)(07) / out /      6.00000 para fssp(02)
Mensaje D / 00:00:02:300 / fssp(0,4)(07) / ... para fssp(02)
Mensaje Y / 00:00:02:300 / fssp(0,5)(08) / out /      6.00000 para fssp(02)
Mensaje D / 00:00:02:300 / fssp(0,5)(08) / ... para fssp(02)
Mensaje Y / 00:00:02:300 / fssp(0,6)(09) / out /      6.00000 para fssp(02)
Mensaje D / 00:00:02:300 / fssp(0,6)(09) / ... para fssp(02)
Mensaje Y / 00:00:02:300 / fssp(0,7)(10) / out /      6.00000 para fssp(02)
Mensaje D / 00:00:02:300 / fssp(0,7)(10) / ... para fssp(02)
Mensaje Y / 00:00:02:300 / fssp(0,8)(11) / out /      6.00000 para fssp(02)
Mensaje D / 00:00:02:300 / fssp(0,8)(11) / ... para fssp(02)
Mensaje Y / 00:00:02:300 / fssp(0,9)(12) / out /      6.00000 para fssp(02)
Mensaje D / 00:00:02:300 / fssp(0,9)(12) / ... para fssp(02)
Mensaje Y / 00:00:02:300 / fssp(0,10)(13) / out /      6.00000 para fssp(02)
Mensaje D / 00:00:02:300 / fssp(0,10)(13) / ... para fssp(02)
Mensaje X / 00:00:02:300 / fssp(02) / neighborchange /      6.00000 para fssp(0,0)(03)
Mensaje X / 00:00:02:300 / fssp(02) / neighborchange /      6.00000 para fssp(0,1)(04)
Mensaje X / 00:00:02:300 / fssp(02) / neighborchange /      6.00000 para fssp(0,2)(05)
Mensaje X / 00:00:02:300 / fssp(02) / neighborchange /      6.00000 para fssp(0,3)(06)
Mensaje X / 00:00:02:300 / fssp(02) / neighborchange /      6.00000 para fssp(0,4)(07)
Mensaje X / 00:00:02:300 / fssp(02) / neighborchange /      6.00000 para fssp(0,5)(08)
Mensaje X / 00:00:02:300 / fssp(02) / neighborchange /      6.00000 para fssp(0,6)(09)
Mensaje X / 00:00:02:300 / fssp(02) / neighborchange /      6.00000 para fssp(0,7)(10)
Mensaje X / 00:00:02:300 / fssp(02) / neighborchange /      6.00000 para fssp(0,8)(11)
Mensaje X / 00:00:02:300 / fssp(02) / neighborchange /      6.00000 para fssp(0,9)(12)
Mensaje X / 00:00:02:300 / fssp(02) / neighborchange /      6.00000 para fssp(0,10)(13)
Mensaje X / 00:00:02:300 / fssp(02) / neighborchange /      6.00000 para fssp(0,11)(14)
Mensaje D / 00:00:02:300 / fssp(0,0)(03) / ... para fssp(02)
Mensaje D / 00:00:02:300 / fssp(0,1)(04) / ... para fssp(02)
Mensaje D / 00:00:02:300 / fssp(0,2)(05) / ... para fssp(02)
Mensaje D / 00:00:02:300 / fssp(0,3)(06) / ... para fssp(02)
Mensaje D / 00:00:02:300 / fssp(0,4)(07) / ... para fssp(02)
Mensaje D / 00:00:02:300 / fssp(0,5)(08) / ... para fssp(02)
Mensaje D / 00:00:02:300 / fssp(0,6)(09) / ... para fssp(02)
Mensaje D / 00:00:02:300 / fssp(0,7)(10) / ... para fssp(02)
Mensaje D / 00:00:02:300 / fssp(0,8)(11) / ... para fssp(02)
Mensaje D / 00:00:02:300 / fssp(0,9)(12) / ... para fssp(02)
Mensaje D / 00:00:02:300 / fssp(0,10)(13) / ... para fssp(02)
Mensaje D / 00:00:02:300 / fssp(0,11)(14) / ... para fssp(02)
Mensaje D / 00:00:02:300 / fssp(02) / ... para top(01)
Mensaje D / 00:00:02:300 / top(01) / ... para Root(00)
